{
  "RSpec": {
    "coverage": {
      "/Users/arleigh_atkinson/Documents/rails_projects/marry_me/config/environment.rb": [
        null,
        1,
        null,
        null,
        1
      ],
      "/Users/arleigh_atkinson/Documents/rails_projects/marry_me/config/application.rb": [
        1,
        null,
        1,
        null,
        1,
        1,
        1,
        1,
        1,
        1,
        1,
        null,
        null,
        null,
        null,
        1,
        null,
        1,
        1,
        null,
        null,
        null,
        null,
        null,
        null,
        null,
        null,
        null,
        null,
        null,
        null,
        null,
        1,
        null,
        null
      ],
      "/Users/arleigh_atkinson/Documents/rails_projects/marry_me/config/boot.rb": [
        1,
        null,
        1
      ],
      "/Users/arleigh_atkinson/Documents/rails_projects/marry_me/config/environments/test.rb": [
        1,
        null,
        null,
        null,
        null,
        null,
        null,
        1,
        null,
        null,
        null,
        null,
        1,
        null,
        null,
        1,
        1,
        null,
        null,
        1,
        1,
        null,
        null,
        1,
        null,
        null,
        1,
        null,
        null,
        null,
        null,
        1,
        null,
        null,
        1,
        null,
        null,
        1,
        null,
        null,
        null,
        null
      ],
      "/Users/arleigh_atkinson/Documents/rails_projects/marry_me/config/initializers/app_config.rb": [
        1,
        1,
        2,
        null,
        null,
        0,
        null
      ],
      "/Users/arleigh_atkinson/Documents/rails_projects/marry_me/config/initializers/assets.rb": [
        null,
        null,
        null,
        1,
        null,
        null,
        null,
        null,
        null,
        null,
        null
      ],
      "/Users/arleigh_atkinson/Documents/rails_projects/marry_me/config/initializers/backtrace_silencers.rb": [
        null,
        null,
        null,
        null,
        null,
        null,
        null
      ],
      "/Users/arleigh_atkinson/Documents/rails_projects/marry_me/config/initializers/cookies_serializer.rb": [
        null,
        null,
        1
      ],
      "/Users/arleigh_atkinson/Documents/rails_projects/marry_me/config/initializers/devise.rb": [
        null,
        null,
        1,
        null,
        null,
        null,
        null,
        null,
        null,
        null,
        null,
        null,
        null,
        null,
        1,
        null,
        null,
        null,
        null,
        null,
        null,
        null,
        null,
        1,
        null,
        null,
        null,
        null,
        null,
        null,
        null,
        null,
        null,
        null,
        null,
        null,
        null,
        null,
        null,
        null,
        null,
        null,
        null,
        null,
        null,
        1,
        null,
        null,
        null,
        null,
        1,
        null,
        null,
        null,
        null,
        null,
        null,
        null,
        null,
        null,
        null,
        null,
        null,
        null,
        null,
        null,
        null,
        null,
        null,
        null,
        null,
        null,
        null,
        null,
        null,
        null,
        null,
        null,
        null,
        null,
        null,
        1,
        null,
        null,
        null,
        null,
        null,
        null,
        null,
        null,
        null,
        null,
        null,
        null,
        null,
        null,
        null,
        null,
        1,
        null,
        null,
        null,
        null,
        null,
        null,
        null,
        null,
        null,
        null,
        null,
        null,
        null,
        null,
        null,
        null,
        null,
        null,
        null,
        null,
        null,
        null,
        null,
        null,
        1,
        null,
        null,
        null,
        null,
        null,
        null,
        null,
        null,
        null,
        1,
        null,
        null,
        null,
        null,
        null,
        null,
        null,
        null,
        null,
        null,
        1,
        null,
        null,
        null,
        null,
        null,
        null,
        null,
        null,
        null,
        null,
        null,
        null,
        null,
        null,
        null,
        null,
        null,
        null,
        null,
        null,
        null,
        null,
        null,
        null,
        null,
        null,
        null,
        null,
        null,
        null,
        null,
        null,
        null,
        null,
        null,
        null,
        null,
        null,
        null,
        null,
        null,
        null,
        null,
        null,
        null,
        1,
        null,
        null,
        null,
        null,
        null,
        null,
        null,
        null,
        null,
        null,
        null,
        null,
        null,
        null,
        null,
        null,
        null,
        null,
        null,
        null,
        null,
        null,
        null,
        null,
        null,
        null,
        null,
        null,
        null,
        null,
        null,
        null,
        null,
        null,
        null,
        null,
        null,
        null,
        null,
        null,
        null,
        1,
        null,
        null,
        null,
        null,
        null,
        null,
        null,
        null,
        null,
        null,
        null,
        null,
        null,
        null,
        null,
        null,
        null,
        null,
        null,
        null,
        null,
        null,
        null,
        null,
        null,
        null,
        null,
        null,
        null
      ],
      "/Users/arleigh_atkinson/Documents/rails_projects/marry_me/config/initializers/filter_parameter_logging.rb": [
        null,
        null,
        null,
        1
      ],
      "/Users/arleigh_atkinson/Documents/rails_projects/marry_me/config/initializers/inflections.rb": [
        null,
        null,
        null,
        null,
        null,
        null,
        null,
        null,
        null,
        null,
        null,
        null,
        null,
        null,
        null,
        null
      ],
      "/Users/arleigh_atkinson/Documents/rails_projects/marry_me/config/initializers/mime_types.rb": [
        null,
        null,
        null,
        null
      ],
      "/Users/arleigh_atkinson/Documents/rails_projects/marry_me/config/initializers/omniauth.rb": [
        1,
        1,
        1,
        null,
        null
      ],
      "/Users/arleigh_atkinson/Documents/rails_projects/marry_me/config/initializers/session_store.rb": [
        null,
        null,
        1
      ],
      "/Users/arleigh_atkinson/Documents/rails_projects/marry_me/config/initializers/wrap_parameters.rb": [
        null,
        null,
        null,
        null,
        null,
        null,
        1,
        1,
        null,
        null,
        null,
        null,
        null,
        null
      ],
      "/Users/arleigh_atkinson/Documents/rails_projects/marry_me/spec/factories/contracts.rb": [
        1,
        1,
        1,
        null,
        null,
        null
      ],
      "/Users/arleigh_atkinson/Documents/rails_projects/marry_me/spec/factories/couples.rb": [
        1,
        1,
        null,
        null,
        null,
        null
      ],
      "/Users/arleigh_atkinson/Documents/rails_projects/marry_me/spec/factories/families.rb": [
        1,
        1,
        1,
        1,
        1,
        1,
        1,
        null,
        null,
        null
      ],
      "/Users/arleigh_atkinson/Documents/rails_projects/marry_me/spec/factories/vendors.rb": [
        1,
        1,
        1,
        1,
        1,
        1,
        1,
        1,
        null,
        null,
        null
      ],
      "/Users/arleigh_atkinson/Documents/rails_projects/marry_me/config/routes.rb": [
        1,
        null,
        1,
        1,
        1,
        null,
        null,
        1,
        1,
        1,
        1,
        1,
        1,
        null,
        null,
        null,
        1,
        1,
        null,
        1,
        1,
        1,
        1,
        1,
        1,
        1,
        1,
        1,
        1,
        1,
        1,
        1,
        1,
        null,
        null
      ],
      "/Users/arleigh_atkinson/Documents/rails_projects/marry_me/app/models/vendor.rb": [
        1,
        null,
        null,
        1,
        null,
        1,
        1,
        null,
        null,
        1,
        0,
        null,
        null,
        1,
        0,
        null,
        null,
        1,
        0,
        null,
        null,
        null,
        1,
        0,
        0,
        0,
        null,
        null,
        null,
        null,
        1,
        0,
        null,
        null,
        1,
        0,
        null,
        null,
        1,
        0,
        null,
        null,
        1,
        0,
        null,
        null,
        1,
        0,
        null,
        null,
        1,
        0,
        null,
        null,
        1,
        0,
        null,
        null,
        1,
        0,
        null,
        null,
        1,
        0,
        null,
        null,
        1,
        0,
        null,
        null,
        1,
        0,
        null,
        null,
        1,
        0,
        null,
        null,
        1,
        0,
        null,
        null,
        null
      ],
      "/Users/arleigh_atkinson/Documents/rails_projects/marry_me/app/models/couple.rb": [
        1,
        null,
        null,
        1,
        null,
        null,
        1,
        1,
        1,
        1,
        null,
        null,
        1,
        0,
        null,
        null,
        1,
        0,
        null,
        null,
        1,
        0,
        null,
        null,
        null,
        1,
        0,
        0,
        0,
        null,
        null,
        null,
        null,
        null,
        null
      ],
      "/Users/arleigh_atkinson/Documents/rails_projects/marry_me/app/helpers/application_helper.rb": [
        1,
        null
      ],
      "/Users/arleigh_atkinson/Documents/rails_projects/marry_me/app/helpers/authentications_helper.rb": [
        null,
        1,
        null
      ],
      "/Users/arleigh_atkinson/Documents/rails_projects/marry_me/app/helpers/contracts_helper.rb": [
        1,
        null
      ],
      "/Users/arleigh_atkinson/Documents/rails_projects/marry_me/app/helpers/couples_helper.rb": [
        1,
        null
      ],
      "/Users/arleigh_atkinson/Documents/rails_projects/marry_me/app/helpers/families_helper.rb": [
        1,
        null
      ],
      "/Users/arleigh_atkinson/Documents/rails_projects/marry_me/app/helpers/static_pages_helper.rb": [
        1,
        null
      ],
      "/Users/arleigh_atkinson/Documents/rails_projects/marry_me/app/helpers/sti_helper.rb": [
        1,
        1,
        0,
        null,
        null,
        1,
        0,
        null,
        0,
        null,
        null,
        1,
        0,
        null,
        null,
        null
      ],
      "/Users/arleigh_atkinson/Documents/rails_projects/marry_me/app/helpers/vendors_helper.rb": [
        1,
        null
      ],
      "/Users/arleigh_atkinson/Documents/rails_projects/marry_me/app/controllers/authentications_controller.rb": [
        1,
        null,
        1,
        null,
        0,
        0,
        null,
        0,
        0,
        null,
        null,
        0,
        0,
        null,
        null,
        null,
        1,
        0,
        null,
        null
      ],
      "/Users/arleigh_atkinson/Documents/rails_projects/marry_me/app/controllers/application_controller.rb": [
        1,
        null,
        null,
        1,
        null,
        1,
        0,
        0,
        0,
        0,
        null,
        null,
        null,
        1,
        0,
        null,
        null
      ],
      "/Users/arleigh_atkinson/Documents/rails_projects/marry_me/spec/controllers/contracts_controller_spec.rb": [
        1,
        null,
        1,
        null,
        null,
        null,
        null,
        null,
        null,
        null,
        null,
        1,
        1,
        1,
        1,
        null,
        null,
        null,
        null,
        null,
        null,
        null,
        null,
        null,
        null,
        null
      ],
      "/Users/arleigh_atkinson/Documents/rails_projects/marry_me/app/controllers/contracts_controller.rb": [
        1,
        1,
        1,
        0,
        null,
        null,
        1,
        1,
        null,
        null,
        null,
        null,
        null,
        null,
        null,
        null,
        null,
        null,
        null,
        1,
        null,
        null,
        1,
        0,
        0,
        null,
        0,
        null,
        null,
        null,
        1,
        0,
        0,
        0,
        0,
        0,
        null,
        null,
        null,
        1,
        0,
        0,
        0,
        0,
        0,
        0,
        0,
        0,
        0,
        null,
        null,
        null,
        1,
        0,
        0,
        0,
        0,
        0,
        0,
        null,
        null,
        null,
        1,
        1,
        0,
        null,
        null,
        1,
        0,
        null,
        null
      ],
      "/Users/arleigh_atkinson/Documents/rails_projects/marry_me/spec/controllers/couples_controller_spec.rb": [
        1,
        null,
        1,
        null,
        1,
        1,
        1,
        1,
        null,
        null,
        null,
        1,
        1,
        1,
        0,
        null,
        null,
        null,
        null
      ],
      "/Users/arleigh_atkinson/Documents/rails_projects/marry_me/app/controllers/couples_controller.rb": [
        1,
        null,
        1,
        1,
        null,
        null,
        1,
        0,
        0,
        0,
        0,
        null,
        null,
        1,
        0,
        null,
        null,
        1,
        0,
        0,
        0,
        null,
        null,
        null,
        1,
        1,
        0,
        null,
        null,
        null
      ],
      "/Users/arleigh_atkinson/Documents/rails_projects/marry_me/spec/controllers/families_controller_spec.rb": [
        1,
        null,
        1,
        null,
        null
      ],
      "/Users/arleigh_atkinson/Documents/rails_projects/marry_me/app/controllers/families_controller.rb": [
        1,
        null,
        1,
        0,
        0,
        null,
        null,
        1,
        0,
        0,
        0,
        0,
        null,
        null,
        null,
        1,
        0,
        0,
        null,
        null,
        1,
        0,
        0,
        0,
        0,
        null,
        null,
        null,
        1,
        0,
        0,
        0,
        null,
        null,
        1,
        null,
        1,
        0,
        null,
        null
      ],
      "/Users/arleigh_atkinson/Documents/rails_projects/marry_me/spec/controllers/static_pages_controller_spec.rb": [
        1,
        null,
        1,
        null,
        1,
        1,
        1,
        1,
        null,
        null,
        null,
        1,
        1,
        1,
        1,
        null,
        null,
        null,
        null
      ],
      "/Users/arleigh_atkinson/Documents/rails_projects/marry_me/app/controllers/static_pages_controller.rb": [
        1,
        1,
        null,
        null,
        1,
        null,
        null
      ],
      "/Users/arleigh_atkinson/Documents/rails_projects/marry_me/spec/controllers/vendors_controller_spec.rb": [
        1,
        null,
        1,
        null,
        1,
        1,
        1,
        1,
        null,
        null,
        null,
        1,
        1,
        1,
        0,
        null,
        null,
        null,
        null
      ],
      "/Users/arleigh_atkinson/Documents/rails_projects/marry_me/app/controllers/vendors_controller.rb": [
        1,
        null,
        1,
        1,
        null,
        null,
        1,
        0,
        0,
        0,
        0,
        null,
        null,
        1,
        0,
        null,
        null,
        1,
        0,
        0,
        0,
        null,
        null,
        null,
        1,
        null,
        1,
        0,
        null,
        null,
        1,
        0,
        null,
        null
      ],
      "/Users/arleigh_atkinson/Documents/rails_projects/marry_me/spec/helpers/authentications_helper_spec.rb": [
        1,
        null,
        null,
        null,
        null,
        null,
        null,
        null,
        null,
        null,
        null,
        null,
        1,
        1,
        null
      ],
      "/Users/arleigh_atkinson/Documents/rails_projects/marry_me/spec/helpers/contracts_helper_spec.rb": [
        1,
        null,
        null,
        null,
        null,
        null,
        null,
        null,
        null,
        null,
        null,
        null,
        1,
        1,
        null
      ],
      "/Users/arleigh_atkinson/Documents/rails_projects/marry_me/spec/helpers/couples_helper_spec.rb": [
        1,
        null,
        null,
        null,
        null,
        null,
        null,
        null,
        null,
        null,
        null,
        null,
        1,
        1,
        null
      ],
      "/Users/arleigh_atkinson/Documents/rails_projects/marry_me/spec/helpers/families_helper_spec.rb": [
        1,
        null,
        null,
        null,
        null,
        null,
        null,
        null,
        null,
        null,
        null,
        null,
        1,
        1,
        null
      ],
      "/Users/arleigh_atkinson/Documents/rails_projects/marry_me/spec/helpers/static_pages_helper_spec.rb": [
        1,
        null,
        null,
        null,
        null,
        null,
        null,
        null,
        null,
        null,
        null,
        null,
        1,
        1,
        null
      ],
      "/Users/arleigh_atkinson/Documents/rails_projects/marry_me/spec/helpers/vendors_helper_spec.rb": [
        1,
        null,
        null,
        null,
        null,
        null,
        null,
        null,
        null,
        null,
        null,
        null,
        1,
        1,
        null
      ],
      "/Users/arleigh_atkinson/Documents/rails_projects/marry_me/spec/models/contract_spec.rb": [
        1,
        null,
        1,
        1,
        null
      ],
      "/Users/arleigh_atkinson/Documents/rails_projects/marry_me/app/models/contract.rb": [
        1,
        1,
        1,
        null,
        1,
        0,
        null,
        null,
        1,
        0,
        0,
        null,
        null
      ],
      "/Users/arleigh_atkinson/Documents/rails_projects/marry_me/spec/models/couple_spec.rb": [
        1,
        null,
        1,
        1,
        2,
        2,
        2,
        2,
        2,
        2,
        2,
        null,
        null
      ],
      "/Users/arleigh_atkinson/Documents/rails_projects/marry_me/spec/models/family_spec.rb": [
        1,
        null,
        1,
        1,
        null
      ],
      "/Users/arleigh_atkinson/Documents/rails_projects/marry_me/app/models/family.rb": [
        1,
        1,
        null
      ],
      "/Users/arleigh_atkinson/Documents/rails_projects/marry_me/spec/models/vendor_spec.rb": [
        1,
        null,
        1,
        1,
        2,
        2,
        2,
        2,
        2,
        2,
        null,
        null
      ],
      "/Users/arleigh_atkinson/Documents/rails_projects/marry_me/spec/views/contracts/edit.html.haml_spec.rb": [
        1,
        null,
        1,
        1,
        null
      ],
      "/Users/arleigh_atkinson/Documents/rails_projects/marry_me/spec/views/contracts/index.html.haml_spec.rb": [
        1,
        null,
        1,
        1,
        null
      ],
      "/Users/arleigh_atkinson/Documents/rails_projects/marry_me/spec/views/contracts/new.html.haml_spec.rb": [
        1,
        null,
        1,
        1,
        null
      ],
      "/Users/arleigh_atkinson/Documents/rails_projects/marry_me/spec/views/couples/index.html.erb_spec.rb": [
        1,
        null,
        1,
        1,
        null
      ],
      "/Users/arleigh_atkinson/Documents/rails_projects/marry_me/spec/views/couples/show.html.erb_spec.rb": [
        1,
        null,
        1,
        1,
        null
      ],
      "/Users/arleigh_atkinson/Documents/rails_projects/marry_me/spec/views/static_pages/about.html.erb_spec.rb": [
        1,
        null,
        1,
        1,
        null
      ],
      "/Users/arleigh_atkinson/Documents/rails_projects/marry_me/spec/views/static_pages/home.html.erb_spec.rb": [
        1,
        null,
        1,
        1,
        null
      ],
      "/Users/arleigh_atkinson/Documents/rails_projects/marry_me/spec/views/vendors/index.html.haml_spec.rb": [
        1,
        null,
        1,
        1,
        null
      ],
      "/Users/arleigh_atkinson/Documents/rails_projects/marry_me/spec/views/vendors/show.html.haml_spec.rb": [
        1,
        null,
        1,
        1,
        null
      ]
    },
    "timestamp": 1444769406
  }
}
